TO: sebastian.ontijt@yahoo.com
SUBJECT: Service Request Received #32
FROM: no-reply@thelightcapsule.com
FROM_NAME: The Light Capsule
TYPE: service_request_confirmation
CREATED_AT: 2026-04-02 17:50:17
------------------------------------------------------------
TEXT VERSION:
Hello Ontijt Sebastian,

Your service request has been received.

Request ID: #32
Service: Real Estate

We will review your request and get back to you.

Thank you.
------------------------------------------------------------
HTML VERSION:
<!DOCTYPE html>
<html lang="en">
<head>
<meta charset="UTF-8">
<meta name="viewport" content="width=device-width, initial-scale=1.0">
<title>Service Request Received #32</title>
</head>
<body style="margin:0;padding:0;background:#f5f5f5;font-family:Arial,Helvetica,sans-serif;color:#222;">
    <div style="max-width:640px;margin:30px auto;background:#ffffff;border:1px solid #ddd;">
        <div style="padding:24px 28px;background:#111;color:#fff;">
            <h1 style="margin:0;font-size:22px;">The Light Capsule</h1>
        </div>
        <div style="padding:28px;line-height:1.6;font-size:15px;">
            <p style="margin:0 0 16px 0;">Hello Ontijt Sebastian,</p>
         <p style="margin:0 0 16px 0;">Your service request has been received.</p>
         <p style="margin:0 0 16px 0;">
            <strong>Request ID:</strong> #32<br>
            <strong>Service:</strong> Real Estate
         </p>
         <p style="margin:0 0 16px 0;">We will review your request and get back to you.</p>
         <p style="margin:0;">Thank you.</p>
        </div>
    </div>
</body>
</html>
