TO: kenkalamar@yahoo.com
SUBJECT: Order Update #19
FROM: no-reply@thelightcapsule.com
FROM_NAME: The Light Capsule
TYPE: order_status_update
CREATED_AT: 2026-03-29 14:04:18
------------------------------------------------------------
TEXT VERSION:
Hello Kendrick Kalamar,

Your order has been updated.

Order ID: #19
Status: processing
Payment Status: awaiting_manual_confirmation

Thank you.
------------------------------------------------------------
HTML VERSION:
<!DOCTYPE html>
<html lang="en">
<head>
<meta charset="UTF-8">
<meta name="viewport" content="width=device-width, initial-scale=1.0">
<title>Order Update #19</title>
</head>
<body style="margin:0;padding:0;background:#f5f5f5;font-family:Arial,Helvetica,sans-serif;color:#222;">
    <div style="max-width:640px;margin:30px auto;background:#ffffff;border:1px solid #ddd;">
        <div style="padding:24px 28px;background:#111;color:#fff;">
            <h1 style="margin:0;font-size:22px;">The Light Capsule</h1>
        </div>
        <div style="padding:28px;line-height:1.6;font-size:15px;">
            <p style="margin:0 0 16px 0;">Hello Kendrick Kalamar,</p>
         <p style="margin:0 0 16px 0;">Your order has been updated.</p>
         <p style="margin:0 0 16px 0;">
            <strong>Order ID:</strong> #19<br>
            <strong>Status:</strong> processing<br>
            <strong>Payment Status:</strong> awaiting_manual_confirmation
         </p>
         <p style="margin:0;">Thank you.</p>
        </div>
    </div>
</body>
</html>
