TO: abimail1@proton.me
SUBJECT: We received your message
FROM: no-reply@thelightcapsule.com
FROM_NAME: The Light Capsule
TYPE: contact_confirmation
CREATED_AT: 2026-06-13 15:32:26
------------------------------------------------------------
TEXT VERSION:
Hello zibans,

We received your message successfully.

Subject: kk

We will get back to you as soon as possible.

Thank you.
------------------------------------------------------------
HTML VERSION:
<!DOCTYPE html>
<html lang="en">
<head>
<meta charset="UTF-8">
<meta name="viewport" content="width=device-width, initial-scale=1.0">
<title>We received your message</title>
</head>
<body style="margin:0;padding:0;background:#f5f5f5;font-family:Arial,Helvetica,sans-serif;color:#222;">
    <div style="max-width:640px;margin:30px auto;background:#ffffff;border:1px solid #ddd;">
        <div style="padding:24px 28px;background:#111;color:#fff;">
            <h1 style="margin:0;font-size:22px;">The Light Capsule</h1>
        </div>
        <div style="padding:28px;line-height:1.6;font-size:15px;">
            <p style="margin:0 0 16px 0;">Hello zibans,</p>
         <p style="margin:0 0 16px 0;">We received your message successfully.</p>
         <p style="margin:0 0 16px 0;"><strong>Subject:</strong> kk</p>
         <p style="margin:0 0 16px 0;">We will get back to you as soon as possible.</p>
         <p style="margin:0;">Thank you.</p>
        </div>
    </div>
</body>
</html>
