TO: maxim.landa@hmail.com
SUBJECT: Order Update #13
FROM: no-reply@thelightcapsule.com
FROM_NAME: The Light Capsule
TYPE: order_status_update
CREATED_AT: 2026-03-24 15:42:24
------------------------------------------------------------
TEXT VERSION:
Hello Maxim Landa,

Your order has been updated.

Order ID: #13
Status: processing
Payment Status: not_required

Thank you.
------------------------------------------------------------
HTML VERSION:
<!DOCTYPE html>
<html lang="en">
<head>
<meta charset="UTF-8">
<meta name="viewport" content="width=device-width, initial-scale=1.0">
<title>Order Update #13</title>
</head>
<body style="margin:0;padding:0;background:#f5f5f5;font-family:Arial,Helvetica,sans-serif;color:#222;">
    <div style="max-width:640px;margin:30px auto;background:#ffffff;border:1px solid #ddd;">
        <div style="padding:24px 28px;background:#111;color:#fff;">
            <h1 style="margin:0;font-size:22px;">The Light Capsule</h1>
        </div>
        <div style="padding:28px;line-height:1.6;font-size:15px;">
            <p style="margin:0 0 16px 0;">Hello Maxim Landa,</p>
         <p style="margin:0 0 16px 0;">Your order has been updated.</p>
         <p style="margin:0 0 16px 0;">
            <strong>Order ID:</strong> #13<br>
            <strong>Status:</strong> processing<br>
            <strong>Payment Status:</strong> not_required
         </p>
         <p style="margin:0;">Thank you.</p>
        </div>
    </div>
</body>
</html>
