TO: admin@thelightcapsule.com
SUBJECT: New User Registration
FROM: no-reply@thelightcapsule.com
FROM_NAME: The Light Capsule
TYPE: admin_new_user
CREATED_AT: 2026-03-21 18:05:23
------------------------------------------------------------
TEXT VERSION:
A new user registered.

Name: Maxim Landa
Email: maxim.landa@hmail.com

------------------------------------------------------------
HTML VERSION:
<!DOCTYPE html>
<html lang="en">
<head>
<meta charset="UTF-8">
<meta name="viewport" content="width=device-width, initial-scale=1.0">
<title>New User Registration</title>
</head>
<body style="margin:0;padding:0;background:#f5f5f5;font-family:Arial,Helvetica,sans-serif;color:#222;">
    <div style="max-width:640px;margin:30px auto;background:#ffffff;border:1px solid #ddd;">
        <div style="padding:24px 28px;background:#111;color:#fff;">
            <h1 style="margin:0;font-size:22px;">The Light Capsule</h1>
        </div>
        <div style="padding:28px;line-height:1.6;font-size:15px;">
            <p style="margin:0 0 16px 0;">A new user registered.</p>
         <p style="margin:0;">
            <strong>Name:</strong> Maxim Landa<br>
            <strong>Email:</strong> maxim.landa@hmail.com
         </p>
        </div>
    </div>
</body>
</html>
