TO: admin@thelightcapsule.com
SUBJECT: New contact inquiry
FROM: no-reply@thelightcapsule.com
FROM_NAME: The Light Capsule
TYPE: admin_contact_inquiry
CREATED_AT: 2026-06-13 15:32:26
------------------------------------------------------------
TEXT VERSION:
A new contact inquiry was submitted.

Name: zibans
Email: abimail1@proton.me
Subject: kk

Message:
jjfhghf

------------------------------------------------------------
HTML VERSION:
<!DOCTYPE html>
<html lang="en">
<head>
<meta charset="UTF-8">
<meta name="viewport" content="width=device-width, initial-scale=1.0">
<title>New contact inquiry</title>
</head>
<body style="margin:0;padding:0;background:#f5f5f5;font-family:Arial,Helvetica,sans-serif;color:#222;">
    <div style="max-width:640px;margin:30px auto;background:#ffffff;border:1px solid #ddd;">
        <div style="padding:24px 28px;background:#111;color:#fff;">
            <h1 style="margin:0;font-size:22px;">The Light Capsule</h1>
        </div>
        <div style="padding:28px;line-height:1.6;font-size:15px;">
            <p style="margin:0 0 16px 0;">A new contact inquiry was submitted.</p>
         <p style="margin:0 0 16px 0;">
            <strong>Name:</strong> zibans<br>
            <strong>Email:</strong> abimail1@proton.me<br>
            <strong>Subject:</strong> kk
         </p>
         <div style="padding:14px;background:#f6f6f6;border:1px solid #ddd;white-space:pre-wrap;">jjfhghf</div>
        </div>
    </div>
</body>
</html>
