TO: bookings@thelightcapsule.com
SUBJECT: New Service Request #14
FROM: no-reply@thelightcapsule.com
FROM_NAME: The Light Capsule
TYPE: admin_service_request
CREATED_AT: 2026-03-21 18:19:32
------------------------------------------------------------
TEXT VERSION:
A new service request was submitted.

Request ID: #14
Service: Weddings
Name: Maxim Landa
Email: maxim.landa@hmail.com

Details:
Service: Weddings
Preferred Date: 2026-04-16 at 19:24
Location: Lacas

Client Message:
da

------------------------------------------------------------
HTML VERSION:
<!DOCTYPE html>
<html lang="en">
<head>
<meta charset="UTF-8">
<meta name="viewport" content="width=device-width, initial-scale=1.0">
<title>New Service Request #14</title>
</head>
<body style="margin:0;padding:0;background:#f5f5f5;font-family:Arial,Helvetica,sans-serif;color:#222;">
    <div style="max-width:640px;margin:30px auto;background:#ffffff;border:1px solid #ddd;">
        <div style="padding:24px 28px;background:#111;color:#fff;">
            <h1 style="margin:0;font-size:22px;">The Light Capsule</h1>
        </div>
        <div style="padding:28px;line-height:1.6;font-size:15px;">
            <p style="margin:0 0 16px 0;">A new service request was submitted.</p>
         <p style="margin:0 0 16px 0;">
            <strong>Request ID:</strong> #14<br>
            <strong>Service:</strong> Weddings<br>
            <strong>Name:</strong> Maxim Landa<br>
            <strong>Email:</strong> maxim.landa@hmail.com
         </p>
         <div style="padding:14px;background:#f6f6f6;border:1px solid #ddd;white-space:pre-wrap;">Service: Weddings
Preferred Date: 2026-04-16 at 19:24
Location: Lacas

Client Message:
da</div>
        </div>
    </div>
</body>
</html>
