TO: sebastian.ontijt@yahoo.com
SUBJECT: Order Confirmation #20
FROM: no-reply@thelightcapsule.com
FROM_NAME: The Light Capsule
TYPE: order_confirmation
CREATED_AT: 2026-03-29 15:30:21
------------------------------------------------------------
TEXT VERSION:
Hello Ontijt Sebastian,

Your order has been received successfully.

Order ID: #20
Order Type: mixed
Total: €40.00

We will contact you if any further action is needed.

Thank you.
------------------------------------------------------------
HTML VERSION:
<!DOCTYPE html>
<html lang="en">
<head>
<meta charset="UTF-8">
<meta name="viewport" content="width=device-width, initial-scale=1.0">
<title>Order Confirmation #20</title>
</head>
<body style="margin:0;padding:0;background:#f5f5f5;font-family:Arial,Helvetica,sans-serif;color:#222;">
    <div style="max-width:640px;margin:30px auto;background:#ffffff;border:1px solid #ddd;">
        <div style="padding:24px 28px;background:#111;color:#fff;">
            <h1 style="margin:0;font-size:22px;">The Light Capsule</h1>
        </div>
        <div style="padding:28px;line-height:1.6;font-size:15px;">
            <p style="margin:0 0 16px 0;">Hello Ontijt Sebastian,</p>
         <p style="margin:0 0 16px 0;">Your order has been received successfully.</p>
         <p style="margin:0 0 16px 0;">
            <strong>Order ID:</strong> #20<br>
            <strong>Order Type:</strong> mixed<br>
            <strong>Total:</strong> €40.00
         </p>
         <p style="margin:0 0 16px 0;">We will contact you if any further action is needed.</p>
         <p style="margin:0;">Thank you.</p>
        </div>
    </div>
</body>
</html>
