TO: kenkalamar@yahoo.com
SUBJECT: Your Password Has Been Reset
FROM: no-reply@thelightcapsule.com
FROM_NAME: The Light Capsule
TYPE: password_reset_success
CREATED_AT: 2026-06-13 15:58:12
------------------------------------------------------------
TEXT VERSION:
Hello Kendrick Kalamar,

Your password has been reset successfully.
If this was not you, please contact us immediately.
------------------------------------------------------------
HTML VERSION:
<!DOCTYPE html>
<html lang="en">
<head>
<meta charset="UTF-8">
<meta name="viewport" content="width=device-width, initial-scale=1.0">
<title>Your Password Has Been Reset</title>
</head>
<body style="margin:0;padding:0;background:#f5f5f5;font-family:Arial,Helvetica,sans-serif;color:#222;">
    <div style="max-width:640px;margin:30px auto;background:#ffffff;border:1px solid #ddd;">
        <div style="padding:24px 28px;background:#111;color:#fff;">
            <h1 style="margin:0;font-size:22px;">The Light Capsule</h1>
        </div>
        <div style="padding:28px;line-height:1.6;font-size:15px;">
            
        <p style="margin:0 0 16px 0;">Hello Kendrick Kalamar,</p>
        <p style="margin:0 0 16px 0;">Your password has been reset successfully.</p>
        <p style="margin:0;">If this was not you, please contact us immediately.</p>
    
        </div>
    </div>
</body>
</html>
