TO: ontijtrodica@yahoo.com
SUBJECT: Welcome to The Light Capsule
FROM: no-reply@thelightcapsule.com
FROM_NAME: The Light Capsule
TYPE: welcome_email
CREATED_AT: 2026-04-01 19:31:20
------------------------------------------------------------
TEXT VERSION:
Hello Ontijt Rodica,

Your account has been created successfully.

You can now sign in and use your account.

Welcome aboard.
------------------------------------------------------------
HTML VERSION:
<!DOCTYPE html>
<html lang="en">
<head>
<meta charset="UTF-8">
<meta name="viewport" content="width=device-width, initial-scale=1.0">
<title>Welcome to The Light Capsule</title>
</head>
<body style="margin:0;padding:0;background:#f5f5f5;font-family:Arial,Helvetica,sans-serif;color:#222;">
    <div style="max-width:640px;margin:30px auto;background:#ffffff;border:1px solid #ddd;">
        <div style="padding:24px 28px;background:#111;color:#fff;">
            <h1 style="margin:0;font-size:22px;">The Light Capsule</h1>
        </div>
        <div style="padding:28px;line-height:1.6;font-size:15px;">
            <p style="margin:0 0 16px 0;">Hello Ontijt Rodica,</p>
         <p style="margin:0 0 16px 0;">Your account has been created successfully.</p>
         <p style="margin:0 0 16px 0;">You can now sign in and use your account.</p>
         <p style="margin:0;">Welcome aboard.</p>
        </div>
    </div>
</body>
</html>
