TO: calex@gmail.com
SUBJECT: Password Reset Request
FROM: no-reply@thelightcapsule.com
FROM_NAME: The Light Capsule
TYPE: password_reset_request
CREATED_AT: 2026-03-31 21:41:43
------------------------------------------------------------
TEXT VERSION:
Hello Cioi Alexis,

A password reset was requested for your account.

Use this link to reset your password:
/Website/pages/reset_password.php?token=c56cc4d66b75d08ecfe1abf9cb6e0c7887a280a8cc08c2ce6702daa8593d6658

This link will expire in 1 hour.
If you did not request this, you can ignore this email.
------------------------------------------------------------
HTML VERSION:
<!DOCTYPE html>
<html lang="en">
<head>
<meta charset="UTF-8">
<meta name="viewport" content="width=device-width, initial-scale=1.0">
<title>Password Reset Request</title>
</head>
<body style="margin:0;padding:0;background:#f5f5f5;font-family:Arial,Helvetica,sans-serif;color:#222;">
    <div style="max-width:640px;margin:30px auto;background:#ffffff;border:1px solid #ddd;">
        <div style="padding:24px 28px;background:#111;color:#fff;">
            <h1 style="margin:0;font-size:22px;">The Light Capsule</h1>
        </div>
        <div style="padding:28px;line-height:1.6;font-size:15px;">
            
        <p style="margin:0 0 16px 0;">Hello Cioi Alexis,</p>
        <p style="margin:0 0 16px 0;">A password reset was requested for your account.</p>
        <p style="margin:0 0 16px 0;">
            <a href="/Website/pages/reset_password.php?token=c56cc4d66b75d08ecfe1abf9cb6e0c7887a280a8cc08c2ce6702daa8593d6658" style="display:inline-block;padding:12px 18px;background:#111;color:#fff;text-decoration:none;">Reset Password</a>
        </p>
        <p style="margin:0 0 16px 0;">This link will expire in 1 hour.</p>
        <p style="margin:0;">If you did not request this, you can ignore this email.</p>
    
        </div>
    </div>
</body>
</html>
