TO: bookings@thelightcapsule.com
SUBJECT: New Service Request #26
FROM: no-reply@thelightcapsule.com
FROM_NAME: The Light Capsule
TYPE: admin_service_request
CREATED_AT: 2026-04-01 00:28:46
------------------------------------------------------------
TEXT VERSION:
A new service request was submitted.

Request ID: #26
Service: Group Sessions
Name: Ontijt Sebastian
Email: sebastian.ontijt@yahoo.com

Details:
Service: Group Sessions
Preferred Date: 2026-04-25
Selected Options: Outside City, Fifty Plus Photos
Location: Acasuca

Client Message:
frumos

------------------------------------------------------------
HTML VERSION:
<!DOCTYPE html>
<html lang="en">
<head>
<meta charset="UTF-8">
<meta name="viewport" content="width=device-width, initial-scale=1.0">
<title>New Service Request #26</title>
</head>
<body style="margin:0;padding:0;background:#f5f5f5;font-family:Arial,Helvetica,sans-serif;color:#222;">
    <div style="max-width:640px;margin:30px auto;background:#ffffff;border:1px solid #ddd;">
        <div style="padding:24px 28px;background:#111;color:#fff;">
            <h1 style="margin:0;font-size:22px;">The Light Capsule</h1>
        </div>
        <div style="padding:28px;line-height:1.6;font-size:15px;">
            <p style="margin:0 0 16px 0;">A new service request was submitted.</p>
         <p style="margin:0 0 16px 0;">
            <strong>Request ID:</strong> #26<br>
            <strong>Service:</strong> Group Sessions<br>
            <strong>Name:</strong> Ontijt Sebastian<br>
            <strong>Email:</strong> sebastian.ontijt@yahoo.com
         </p>
         <div style="padding:14px;background:#f6f6f6;border:1px solid #ddd;white-space:pre-wrap;">Service: Group Sessions
Preferred Date: 2026-04-25
Selected Options: Outside City, Fifty Plus Photos
Location: Acasuca

Client Message:
frumos</div>
        </div>
    </div>
</body>
</html>
