TO: admin@thelightcapsule.com
SUBJECT: New Contact Inquiry
FROM: no-reply@thelightcapsule.com
FROM_NAME: The Light Capsule
TYPE: admin_contact_inquiry
CREATED_AT: 2026-03-20 12:40:59
------------------------------------------------------------
TEXT VERSION:
A new contact inquiry was submitted.

Name: Nathan test
Email: nathan.test@gmail.com
Subject: test

Message:
I am testing contact

------------------------------------------------------------
HTML VERSION:
<!DOCTYPE html>
<html lang="en">
<head>
<meta charset="UTF-8">
<meta name="viewport" content="width=device-width, initial-scale=1.0">
<title>New Contact Inquiry</title>
</head>
<body style="margin:0;padding:0;background:#f5f5f5;font-family:Arial,Helvetica,sans-serif;color:#222;">
    <div style="max-width:640px;margin:30px auto;background:#ffffff;border:1px solid #ddd;">
        <div style="padding:24px 28px;background:#111;color:#fff;">
            <h1 style="margin:0;font-size:22px;">The Light Capsule</h1>
        </div>
        <div style="padding:28px;line-height:1.6;font-size:15px;">
            <p style="margin:0 0 16px 0;">A new contact inquiry was submitted.</p>
         <p style="margin:0 0 16px 0;">
            <strong>Name:</strong> Nathan test<br>
            <strong>Email:</strong> nathan.test@gmail.com<br>
            <strong>Subject:</strong> test
         </p>
         <div style="padding:14px;background:#f6f6f6;border:1px solid #ddd;white-space:pre-wrap;">I am testing contact</div>
        </div>
    </div>
</body>
</html>
