TO: andrei.cozahi@gmail.com
SUBJECT: Order Confirmation #35
FROM: no-reply@thelightcapsule.com
FROM_NAME: The Light Capsule
TYPE: order_confirmation
CREATED_AT: 2026-05-05 18:13:29
------------------------------------------------------------
TEXT VERSION:
Hello Andrei Cozali,

Your order has been received successfully.

Order ID: #35
Order Type: mixed
Total: €55.15

We will contact you if any further action is needed.

Thank you.
------------------------------------------------------------
HTML VERSION:
<!DOCTYPE html>
<html lang="en">
<head>
<meta charset="UTF-8">
<meta name="viewport" content="width=device-width, initial-scale=1.0">
<title>Order Confirmation #35</title>
</head>
<body style="margin:0;padding:0;background:#f5f5f5;font-family:Arial,Helvetica,sans-serif;color:#222;">
    <div style="max-width:640px;margin:30px auto;background:#ffffff;border:1px solid #ddd;">
        <div style="padding:24px 28px;background:#111;color:#fff;">
            <h1 style="margin:0;font-size:22px;">The Light Capsule</h1>
        </div>
        <div style="padding:28px;line-height:1.6;font-size:15px;">
            <p style="margin:0 0 16px 0;">Hello Andrei Cozali,</p>
         <p style="margin:0 0 16px 0;">Your order has been received successfully.</p>
         <p style="margin:0 0 16px 0;">
            <strong>Order ID:</strong> #35<br>
            <strong>Order Type:</strong> mixed<br>
            <strong>Total:</strong> €55.15
         </p>
         <p style="margin:0 0 16px 0;">We will contact you if any further action is needed.</p>
         <p style="margin:0;">Thank you.</p>
        </div>
    </div>
</body>
</html>
